#! /c/Source/iverilog-install/bin/vvp
:ivl_version "12.0 (devel)" "(s20150603-1539-g2693dd32b)";
:ivl_delay_selection "TYPICAL";
:vpi_time_precision + 0;
:vpi_module "D:\iverilog\lib\ivl\system.vpi";
:vpi_module "D:\iverilog\lib\ivl\vhdl_sys.vpi";
:vpi_module "D:\iverilog\lib\ivl\vhdl_textio.vpi";
:vpi_module "D:\iverilog\lib\ivl\v2005_math.vpi";
:vpi_module "D:\iverilog\lib\ivl\va_math.vpi";
S_0000014a095c64d0 .scope module, "mux_pc_tb" "mux_pc_tb" 2 3;
 .timescale 0 0;
v0000014a095c3520_0 .var "Branch", 0 0;
v0000014a095c35c0_0 .var "PC_alvo", 31 0;
v0000014a095c3660_0 .var "PC_soma_4", 31 0;
v0000014a095c3700_0 .net "pc_out", 31 0, L_0000014a095c3840;  1 drivers
v0000014a095c37a0_0 .var "zero", 0 0;
S_0000014a095c6660 .scope module, "m1" "mux_pc" 2 9, 3 3 0, S_0000014a095c64d0;
 .timescale 0 0;
    .port_info 0 /INPUT 32 "PC_soma_4";
    .port_info 1 /INPUT 32 "PC_alvo";
    .port_info 2 /INPUT 1 "Branch";
    .port_info 3 /INPUT 1 "zero";
    .port_info 4 /OUTPUT 32 "pc_out";
L_0000014a09592f70 .functor AND 1, v0000014a095c3520_0, v0000014a095c37a0_0, C4<1>, C4<1>;
v0000014a0953aec0_0 .net "Branch", 0 0, v0000014a095c3520_0;  1 drivers
v0000014a095b6a60_0 .net "PC_alvo", 31 0, v0000014a095c35c0_0;  1 drivers
v0000014a095b4fa0_0 .net "PC_soma_4", 31 0, v0000014a095c3660_0;  1 drivers
v0000014a095b5040_0 .net *"_ivl_1", 0 0, L_0000014a09592f70;  1 drivers
v0000014a095c67f0_0 .net "pc_out", 31 0, L_0000014a095c3840;  alias, 1 drivers
v0000014a095c6890_0 .net "zero", 0 0, v0000014a095c37a0_0;  1 drivers
L_0000014a095c3840 .functor MUXZ 32, v0000014a095c3660_0, v0000014a095c35c0_0, L_0000014a09592f70, C4<>;
    .scope S_0000014a095c64d0;
T_0 ;
    %vpi_call 2 13 "$dumpfile", "mux_pc.vcd" {0 0 0};
    %vpi_call 2 14 "$dumpvars", 32'sb00000000000000000000000000000000, S_0000014a095c64d0 {0 0 0};
    %pushi/vec4 1, 0, 32;
    %store/vec4 v0000014a095c3660_0, 0, 32;
    %pushi/vec4 11111, 0, 32;
    %store/vec4 v0000014a095c35c0_0, 0, 32;
    %pushi/vec4 1, 0, 1;
    %store/vec4 v0000014a095c3520_0, 0, 1;
    %pushi/vec4 1, 0, 1;
    %store/vec4 v0000014a095c37a0_0, 0, 1;
    %delay 5, 0;
    %vpi_call 2 21 "$display", "PC_soma_4 = %d | PC_alvo = %d | Branch = %b | zero = %b | pc_out = %d", v0000014a095c3660_0, v0000014a095c35c0_0, v0000014a095c3520_0, v0000014a095c37a0_0, v0000014a095c3700_0 {0 0 0};
    %pushi/vec4 0, 0, 1;
    %store/vec4 v0000014a095c3520_0, 0, 1;
    %pushi/vec4 0, 0, 1;
    %store/vec4 v0000014a095c37a0_0, 0, 1;
    %delay 5, 0;
    %vpi_call 2 27 "$display", "PC_soma_4 = %d | PC_alvo = %d | Branch = %b | zero = %b | pc_out = %d", v0000014a095c3660_0, v0000014a095c35c0_0, v0000014a095c3520_0, v0000014a095c37a0_0, v0000014a095c3700_0 {0 0 0};
    %vpi_call 2 29 "$finish" {0 0 0};
    %end;
    .thread T_0;
# The file index is used to find the file name in the following table.
:file_names 4;
    "N/A";
    "<interactive>";
    "mux_pc_tb.v";
    "mux_pc.v";
