#! /c/Source/iverilog-install/bin/vvp
:ivl_version "12.0 (devel)" "(s20150603-1539-g2693dd32b)";
:ivl_delay_selection "TYPICAL";
:vpi_time_precision + 0;
:vpi_module "D:\iverilog\lib\ivl\system.vpi";
:vpi_module "D:\iverilog\lib\ivl\vhdl_sys.vpi";
:vpi_module "D:\iverilog\lib\ivl\vhdl_textio.vpi";
:vpi_module "D:\iverilog\lib\ivl\v2005_math.vpi";
:vpi_module "D:\iverilog\lib\ivl\va_math.vpi";
S_0000025a4f5693d0 .scope module, "mux_alu_src_tb" "mux_alu_src_tb" 2 3;
 .timescale 0 0;
v0000025a4f4465e0_0 .var "ALUSrc", 0 0;
v0000025a4f446680_0 .var "imm", 31 0;
v0000025a4f56acd0_0 .var "rd2", 31 0;
v0000025a4f56ad70_0 .net "saida", 31 0, L_0000025a4f56ae10;  1 drivers
S_0000025a4f446310 .scope module, "m1" "mux_alu_src" 2 10, 3 3 0, S_0000025a4f5693d0;
 .timescale 0 0;
    .port_info 0 /INPUT 32 "rd2";
    .port_info 1 /INPUT 32 "imm";
    .port_info 2 /INPUT 1 "ALUSrc";
    .port_info 3 /OUTPUT 32 "saida";
v0000025a4f569210_0 .net "ALUSrc", 0 0, v0000025a4f4465e0_0;  1 drivers
v0000025a4f412f70_0 .net "imm", 31 0, v0000025a4f446680_0;  1 drivers
v0000025a4f4464a0_0 .net "rd2", 31 0, v0000025a4f56acd0_0;  1 drivers
v0000025a4f446540_0 .net "saida", 31 0, L_0000025a4f56ae10;  alias, 1 drivers
L_0000025a4f56ae10 .functor MUXZ 32, v0000025a4f56acd0_0, v0000025a4f446680_0, v0000025a4f4465e0_0, C4<>;
    .scope S_0000025a4f5693d0;
T_0 ;
    %vpi_call 2 14 "$dumpfile", "mux_alu_src.vcd" {0 0 0};
    %vpi_call 2 15 "$dumpvars", 32'sb00000000000000000000000000000000, S_0000025a4f5693d0 {0 0 0};
    %pushi/vec4 1, 0, 32;
    %store/vec4 v0000025a4f56acd0_0, 0, 32;
    %pushi/vec4 11111, 0, 32;
    %store/vec4 v0000025a4f446680_0, 0, 32;
    %pushi/vec4 1, 0, 1;
    %store/vec4 v0000025a4f4465e0_0, 0, 1;
    %delay 5, 0;
    %vpi_call 2 19 "$display", "rd2 = %d | imm = %d | ALUSrc = %b | saida = %d", v0000025a4f56acd0_0, v0000025a4f446680_0, v0000025a4f4465e0_0, v0000025a4f56ad70_0 {0 0 0};
    %pushi/vec4 0, 0, 1;
    %store/vec4 v0000025a4f4465e0_0, 0, 1;
    %delay 5, 0;
    %vpi_call 2 23 "$display", "rd2 = %d | imm = %d | ALUSrc = %b | saida = %d", v0000025a4f56acd0_0, v0000025a4f446680_0, v0000025a4f4465e0_0, v0000025a4f56ad70_0 {0 0 0};
    %vpi_call 2 25 "$finish" {0 0 0};
    %end;
    .thread T_0;
# The file index is used to find the file name in the following table.
:file_names 4;
    "N/A";
    "<interactive>";
    "mux_alu_src_tb.v";
    "mux_alu_src.v";
