#! /c/Source/iverilog-install/bin/vvp
:ivl_version "12.0 (devel)" "(s20150603-1539-g2693dd32b)";
:ivl_delay_selection "TYPICAL";
:vpi_time_precision + 0;
:vpi_module "D:\iverilog\lib\ivl\system.vpi";
:vpi_module "D:\iverilog\lib\ivl\vhdl_sys.vpi";
:vpi_module "D:\iverilog\lib\ivl\vhdl_textio.vpi";
:vpi_module "D:\iverilog\lib\ivl\v2005_math.vpi";
:vpi_module "D:\iverilog\lib\ivl\va_math.vpi";
S_00000219ab159400 .scope module, "alu_control_tb" "alu_control_tb" 2 1;
 .timescale 0 0;
v00000219ab172c70_0 .var "ALUOp", 1 0;
v00000219ab172d10_0 .net "alu_opcode", 3 0, v00000219ab15af00_0;  1 drivers
v00000219ab172db0_0 .var "func3", 2 0;
v00000219ab172e50_0 .var "func7", 6 0;
S_00000219ab15acd0 .scope module, "ac1" "alu_control" 2 8, 3 1 0, S_00000219ab159400;
 .timescale 0 0;
    .port_info 0 /INPUT 7 "func7";
    .port_info 1 /INPUT 3 "func3";
    .port_info 2 /INPUT 2 "ALUOp";
    .port_info 3 /OUTPUT 4 "alu_opcode";
v00000219ab15ae60_0 .net "ALUOp", 1 0, v00000219ab172c70_0;  1 drivers
v00000219ab15af00_0 .var "alu_opcode", 3 0;
v00000219ab172b30_0 .net "func3", 2 0, v00000219ab172db0_0;  1 drivers
v00000219ab172bd0_0 .net "func7", 6 0, v00000219ab172e50_0;  1 drivers
E_00000219ab1a8030 .event anyedge, v00000219ab15ae60_0, v00000219ab172bd0_0, v00000219ab172b30_0;
    .scope S_00000219ab15acd0;
T_0 ;
    %wait E_00000219ab1a8030;
    %load/vec4 v00000219ab15ae60_0;
    %dup/vec4;
    %pushi/vec4 0, 0, 2;
    %cmp/u;
    %jmp/1 T_0.0, 6;
    %dup/vec4;
    %pushi/vec4 1, 0, 2;
    %cmp/u;
    %jmp/1 T_0.1, 6;
    %dup/vec4;
    %pushi/vec4 2, 0, 2;
    %cmp/u;
    %jmp/1 T_0.2, 6;
    %pushi/vec4 15, 15, 4;
    %store/vec4 v00000219ab15af00_0, 0, 4;
    %jmp T_0.4;
T_0.0 ;
    %pushi/vec4 2, 0, 4;
    %store/vec4 v00000219ab15af00_0, 0, 4;
    %jmp T_0.4;
T_0.1 ;
    %pushi/vec4 6, 0, 4;
    %store/vec4 v00000219ab15af00_0, 0, 4;
    %jmp T_0.4;
T_0.2 ;
    %load/vec4 v00000219ab172bd0_0;
    %load/vec4 v00000219ab172b30_0;
    %concat/vec4; draw_concat_vec4
    %dup/vec4;
    %pushi/vec4 0, 0, 10;
    %cmp/u;
    %jmp/1 T_0.5, 6;
    %dup/vec4;
    %pushi/vec4 256, 0, 10;
    %cmp/u;
    %jmp/1 T_0.6, 6;
    %dup/vec4;
    %pushi/vec4 7, 0, 10;
    %cmp/u;
    %jmp/1 T_0.7, 6;
    %dup/vec4;
    %pushi/vec4 6, 0, 10;
    %cmp/u;
    %jmp/1 T_0.8, 6;
    %pushi/vec4 15, 15, 4;
    %store/vec4 v00000219ab15af00_0, 0, 4;
    %jmp T_0.10;
T_0.5 ;
    %pushi/vec4 2, 0, 4;
    %store/vec4 v00000219ab15af00_0, 0, 4;
    %jmp T_0.10;
T_0.6 ;
    %pushi/vec4 6, 0, 4;
    %store/vec4 v00000219ab15af00_0, 0, 4;
    %jmp T_0.10;
T_0.7 ;
    %pushi/vec4 0, 0, 4;
    %store/vec4 v00000219ab15af00_0, 0, 4;
    %jmp T_0.10;
T_0.8 ;
    %pushi/vec4 1, 0, 4;
    %store/vec4 v00000219ab15af00_0, 0, 4;
    %jmp T_0.10;
T_0.10 ;
    %pop/vec4 1;
    %jmp T_0.4;
T_0.4 ;
    %pop/vec4 1;
    %jmp T_0;
    .thread T_0, $push;
    .scope S_00000219ab159400;
T_1 ;
    %vpi_call 2 12 "$dumpfile", "alu_control.vcd" {0 0 0};
    %vpi_call 2 13 "$dumpvars", 32'sb00000000000000000000000000000000, S_00000219ab159400 {0 0 0};
    %vpi_call 2 15 "$monitor", "ALUOp = %b, func7 = %b, func3 = %b, alu_opcode = %b", v00000219ab172c70_0, v00000219ab172e50_0, v00000219ab172db0_0, v00000219ab172d10_0 {0 0 0};
    %pushi/vec4 0, 0, 2;
    %store/vec4 v00000219ab172c70_0, 0, 2;
    %delay 10, 0;
    %pushi/vec4 1, 0, 2;
    %store/vec4 v00000219ab172c70_0, 0, 2;
    %delay 10, 0;
    %pushi/vec4 2, 0, 2;
    %store/vec4 v00000219ab172c70_0, 0, 2;
    %pushi/vec4 0, 0, 7;
    %store/vec4 v00000219ab172e50_0, 0, 7;
    %pushi/vec4 0, 0, 3;
    %store/vec4 v00000219ab172db0_0, 0, 3;
    %delay 10, 0;
    %pushi/vec4 32, 0, 7;
    %store/vec4 v00000219ab172e50_0, 0, 7;
    %pushi/vec4 0, 0, 3;
    %store/vec4 v00000219ab172db0_0, 0, 3;
    %delay 10, 0;
    %pushi/vec4 0, 0, 7;
    %store/vec4 v00000219ab172e50_0, 0, 7;
    %pushi/vec4 7, 0, 3;
    %store/vec4 v00000219ab172db0_0, 0, 3;
    %delay 10, 0;
    %pushi/vec4 0, 0, 7;
    %store/vec4 v00000219ab172e50_0, 0, 7;
    %pushi/vec4 6, 0, 3;
    %store/vec4 v00000219ab172db0_0, 0, 3;
    %delay 10, 0;
    %vpi_call 2 27 "$finish" {0 0 0};
    %end;
    .thread T_1;
# The file index is used to find the file name in the following table.
:file_names 4;
    "N/A";
    "<interactive>";
    "alu_control_tb.v";
    "alu_control.v";
