#! /c/Source/iverilog-install/bin/vvp
:ivl_version "12.0 (devel)" "(s20150603-1539-g2693dd32b)";
:ivl_delay_selection "TYPICAL";
:vpi_time_precision + 0;
:vpi_module "D:\iverilog\lib\ivl\system.vpi";
:vpi_module "D:\iverilog\lib\ivl\vhdl_sys.vpi";
:vpi_module "D:\iverilog\lib\ivl\vhdl_textio.vpi";
:vpi_module "D:\iverilog\lib\ivl\v2005_math.vpi";
:vpi_module "D:\iverilog\lib\ivl\va_math.vpi";
S_0000021a5542a720 .scope module, "imm_gen_tb" "imm_gen_tb" 2 3;
 .timescale 0 0;
v0000021a5542a440_0 .net "imm_out", 31 0, v0000021a5542aa40_0;  1 drivers
v0000021a5542a4e0_0 .var "inst", 31 0;
S_0000021a5542a8b0 .scope module, "imm1" "imm_gen" 2 8, 3 3 0, S_0000021a5542a720;
 .timescale 0 0;
    .port_info 0 /INPUT 32 "inst";
    .port_info 1 /OUTPUT 32 "imm_out";
v0000021a5542aa40_0 .var "imm_out", 31 0;
v0000021a5542ae90_0 .net "inst", 31 0, v0000021a5542a4e0_0;  1 drivers
v0000021a5542af30_0 .net "opcode", 6 0, L_0000021a55442510;  1 drivers
E_0000021a55429a30 .event anyedge, v0000021a5542af30_0, v0000021a5542ae90_0;
L_0000021a55442510 .part v0000021a5542a4e0_0, 0, 7;
    .scope S_0000021a5542a8b0;
T_0 ;
    %wait E_0000021a55429a30;
    %load/vec4 v0000021a5542af30_0;
    %dup/vec4;
    %pushi/vec4 3, 0, 7;
    %cmp/u;
    %jmp/1 T_0.0, 6;
    %dup/vec4;
    %pushi/vec4 35, 0, 7;
    %cmp/u;
    %jmp/1 T_0.1, 6;
    %dup/vec4;
    %pushi/vec4 99, 0, 7;
    %cmp/u;
    %jmp/1 T_0.2, 6;
    %pushi/vec4 0, 0, 32;
    %store/vec4 v0000021a5542aa40_0, 0, 32;
    %jmp T_0.4;
T_0.0 ;
    %load/vec4 v0000021a5542ae90_0;
    %parti/s 1, 31, 6;
    %replicate 20;
    %load/vec4 v0000021a5542ae90_0;
    %parti/s 12, 20, 6;
    %concat/vec4; draw_concat_vec4
    %store/vec4 v0000021a5542aa40_0, 0, 32;
    %jmp T_0.4;
T_0.1 ;
    %load/vec4 v0000021a5542ae90_0;
    %parti/s 1, 31, 6;
    %replicate 20;
    %load/vec4 v0000021a5542ae90_0;
    %parti/s 7, 25, 6;
    %concat/vec4; draw_concat_vec4
    %load/vec4 v0000021a5542ae90_0;
    %parti/s 5, 7, 4;
    %concat/vec4; draw_concat_vec4
    %store/vec4 v0000021a5542aa40_0, 0, 32;
    %jmp T_0.4;
T_0.2 ;
    %load/vec4 v0000021a5542ae90_0;
    %parti/s 1, 31, 6;
    %replicate 20;
    %load/vec4 v0000021a5542ae90_0;
    %parti/s 1, 7, 4;
    %concat/vec4; draw_concat_vec4
    %load/vec4 v0000021a5542ae90_0;
    %parti/s 6, 25, 6;
    %concat/vec4; draw_concat_vec4
    %load/vec4 v0000021a5542ae90_0;
    %parti/s 4, 8, 5;
    %concat/vec4; draw_concat_vec4
    %concati/vec4 0, 0, 1;
    %store/vec4 v0000021a5542aa40_0, 0, 32;
    %jmp T_0.4;
T_0.4 ;
    %pop/vec4 1;
    %jmp T_0;
    .thread T_0, $push;
    .scope S_0000021a5542a720;
T_1 ;
    %vpi_call 2 12 "$dumpfile", "imm_gen.vcd" {0 0 0};
    %vpi_call 2 13 "$dumpvars", 32'sb00000000000000000000000000000000, S_0000021a5542a720 {0 0 0};
    %pushi/vec4 4293927043, 0, 32;
    %store/vec4 v0000021a5542a4e0_0, 0, 32;
    %delay 10, 0;
    %vpi_call 2 20 "$display", "LW: inst= %b, imm_out= %b", v0000021a5542a4e0_0, v0000021a5542a440_0 {0 0 0};
    %pushi/vec4 0, 0, 32;
    %store/vec4 v0000021a5542a4e0_0, 0, 32;
    %pushi/vec4 1, 0, 7;
    %ix/load 4, 25, 0;
    %flag_set/imm 4, 0;
    %store/vec4 v0000021a5542a4e0_0, 4, 7;
    %pushi/vec4 5, 0, 5;
    %ix/load 4, 7, 0;
    %flag_set/imm 4, 0;
    %store/vec4 v0000021a5542a4e0_0, 4, 5;
    %pushi/vec4 35, 0, 7;
    %ix/load 4, 0, 0;
    %flag_set/imm 4, 0;
    %store/vec4 v0000021a5542a4e0_0, 4, 7;
    %delay 10, 0;
    %vpi_call 2 30 "$display", "SW: inst= %b, imm_out= %b", v0000021a5542a4e0_0, v0000021a5542a440_0 {0 0 0};
    %pushi/vec4 0, 0, 32;
    %store/vec4 v0000021a5542a4e0_0, 0, 32;
    %pushi/vec4 0, 0, 1;
    %ix/load 4, 31, 0;
    %flag_set/imm 4, 0;
    %store/vec4 v0000021a5542a4e0_0, 4, 1;
    %pushi/vec4 0, 0, 1;
    %ix/load 4, 7, 0;
    %flag_set/imm 4, 0;
    %store/vec4 v0000021a5542a4e0_0, 4, 1;
    %pushi/vec4 0, 0, 6;
    %ix/load 4, 25, 0;
    %flag_set/imm 4, 0;
    %store/vec4 v0000021a5542a4e0_0, 4, 6;
    %pushi/vec4 2, 0, 4;
    %ix/load 4, 8, 0;
    %flag_set/imm 4, 0;
    %store/vec4 v0000021a5542a4e0_0, 4, 4;
    %pushi/vec4 99, 0, 7;
    %ix/load 4, 0, 0;
    %flag_set/imm 4, 0;
    %store/vec4 v0000021a5542a4e0_0, 4, 7;
    %delay 10, 0;
    %vpi_call 2 41 "$display", "BEQ: inst= %b, imm_out= %b", v0000021a5542a4e0_0, v0000021a5542a440_0 {0 0 0};
    %vpi_call 2 43 "$finish" {0 0 0};
    %end;
    .thread T_1;
# The file index is used to find the file name in the following table.
:file_names 4;
    "N/A";
    "<interactive>";
    "imm_gen_tb.v";
    "imm_gen.v";
