#! /c/Source/iverilog-install/bin/vvp
:ivl_version "12.0 (devel)" "(s20150603-1539-g2693dd32b)";
:ivl_delay_selection "TYPICAL";
:vpi_time_precision + 0;
:vpi_module "D:\iverilog\lib\ivl\system.vpi";
:vpi_module "D:\iverilog\lib\ivl\vhdl_sys.vpi";
:vpi_module "D:\iverilog\lib\ivl\vhdl_textio.vpi";
:vpi_module "D:\iverilog\lib\ivl\v2005_math.vpi";
:vpi_module "D:\iverilog\lib\ivl\va_math.vpi";
S_0000023ead4e8780 .scope module, "pc_soma_alvo_tb" "pc_soma_alvo_tb" 2 3;
 .timescale 0 0;
v0000023ead4ead20_0 .var "imm", 31 0;
v0000023ead4eadc0_0 .var "pc", 31 0;
v0000023ead4eae60_0 .net "pc_out_imm", 31 0, L_0000023ead4eaf00;  1 drivers
S_0000023ead4e8910 .scope module, "ex1" "pc_soma_alvo" 2 7, 3 3 0, S_0000023ead4e8780;
 .timescale 0 0;
    .port_info 0 /INPUT 32 "pc";
    .port_info 1 /INPUT 32 "imm";
    .port_info 2 /OUTPUT 32 "pc_out_imm";
v0000023ead376130_0 .net "imm", 31 0, v0000023ead4ead20_0;  1 drivers
v0000023ead342f70_0 .net "pc", 31 0, v0000023ead4eadc0_0;  1 drivers
v0000023ead4eac80_0 .net "pc_out_imm", 31 0, L_0000023ead4eaf00;  alias, 1 drivers
L_0000023ead4eaf00 .arith/sum 32, v0000023ead4eadc0_0, v0000023ead4ead20_0;
    .scope S_0000023ead4e8780;
T_0 ;
    %vpi_call 2 11 "$dumpfile", "pc_soma_alvo.vcd" {0 0 0};
    %vpi_call 2 12 "$dumpvars", 32'sb00000000000000000000000000000000, S_0000023ead4e8780 {0 0 0};
    %pushi/vec4 10, 0, 32;
    %store/vec4 v0000023ead4eadc0_0, 0, 32;
    %pushi/vec4 10, 0, 32;
    %store/vec4 v0000023ead4ead20_0, 0, 32;
    %delay 5, 0;
    %vpi_call 2 17 "$display", "a + b = %d", v0000023ead4eae60_0 {0 0 0};
    %vpi_call 2 18 "$finish" {0 0 0};
    %end;
    .thread T_0;
# The file index is used to find the file name in the following table.
:file_names 4;
    "N/A";
    "<interactive>";
    "pc_soma_alvo_tb.v";
    "pc_soma_alvo.v";
