#! /c/Source/iverilog-install/bin/vvp
:ivl_version "12.0 (devel)" "(s20150603-1539-g2693dd32b)";
:ivl_delay_selection "TYPICAL";
:vpi_time_precision + 0;
:vpi_module "D:\iverilog\lib\ivl\system.vpi";
:vpi_module "D:\iverilog\lib\ivl\vhdl_sys.vpi";
:vpi_module "D:\iverilog\lib\ivl\vhdl_textio.vpi";
:vpi_module "D:\iverilog\lib\ivl\v2005_math.vpi";
:vpi_module "D:\iverilog\lib\ivl\va_math.vpi";
S_00000163e0f2e5c0 .scope module, "pc_soma4_tb" "pc_soma4_tb" 2 3;
 .timescale 0 0;
v00000163e0e06250_0 .var "pc", 31 0;
v00000163e0e062f0_0 .net "pc_out_soma4", 31 0, L_00000163e0f2ed10;  1 drivers
S_00000163e0e05f80 .scope module, "ex1" "pc_soma4" 2 7, 3 3 0, S_00000163e0f2e5c0;
 .timescale 0 0;
    .port_info 0 /INPUT 32 "pc";
    .port_info 1 /OUTPUT 32 "pc_out_soma4";
L_00000163e0e4b848 .functor BUFT 1, C4<00000000000000000000000000000100>, C4<0>, C4<0>, C4<0>;
v00000163e0e06110_0 .net/2u *"_ivl_0", 31 0, L_00000163e0e4b848;  1 drivers
v00000163e0dd2910_0 .net "pc", 31 0, v00000163e0e06250_0;  1 drivers
v00000163e0e061b0_0 .net "pc_out_soma4", 31 0, L_00000163e0f2ed10;  alias, 1 drivers
L_00000163e0f2ed10 .arith/sum 32, v00000163e0e06250_0, L_00000163e0e4b848;
    .scope S_00000163e0f2e5c0;
T_0 ;
    %vpi_call 2 11 "$dumpfile", "pc_soma4.vcd" {0 0 0};
    %vpi_call 2 12 "$dumpvars", 32'sb00000000000000000000000000000000, S_00000163e0f2e5c0 {0 0 0};
    %pushi/vec4 10, 0, 32;
    %store/vec4 v00000163e0e06250_0, 0, 32;
    %delay 5, 0;
    %vpi_call 2 17 "$display", "a + b = %d", v00000163e0e062f0_0 {0 0 0};
    %vpi_call 2 18 "$finish" {0 0 0};
    %end;
    .thread T_0;
# The file index is used to find the file name in the following table.
:file_names 4;
    "N/A";
    "<interactive>";
    "pc_soma4_tb.v";
    "pc_soma4.v";
