#! /c/Source/iverilog-install/bin/vvp
:ivl_version "12.0 (devel)" "(s20150603-1539-g2693dd32b)";
:ivl_delay_selection "TYPICAL";
:vpi_time_precision + 0;
:vpi_module "D:\iverilog\lib\ivl\system.vpi";
:vpi_module "D:\iverilog\lib\ivl\vhdl_sys.vpi";
:vpi_module "D:\iverilog\lib\ivl\vhdl_textio.vpi";
:vpi_module "D:\iverilog\lib\ivl\v2005_math.vpi";
:vpi_module "D:\iverilog\lib\ivl\va_math.vpi";
S_0000022b2c021c50 .scope module, "datapath_tb" "datapath_tb" 2 3;
 .timescale 0 0;
v0000022b2c085a30_0 .var "clk", 0 0;
v0000022b2c0864d0_0 .var "reset", 0 0;
S_0000022b2c011830 .scope module, "dut" "datapath" 2 7, 3 3 0, S_0000022b2c021c50;
 .timescale 0 0;
    .port_info 0 /INPUT 1 "clk";
    .port_info 1 /INPUT 1 "reset";
L_0000022b2c098f40 .functor BUFZ 32, L_0000022b2c085f30, C4<00000000000000000000000000000000>, C4<00000000000000000000000000000000>, C4<00000000000000000000000000000000>;
v0000022b2c083e90_0 .net "ALUOp", 1 0, L_0000022b2c086610;  1 drivers
v0000022b2c0830d0_0 .net "ALUSrc", 0 0, L_0000022b2c0871f0;  1 drivers
v0000022b2c084e30_0 .net "Branch", 0 0, L_0000022b2c086250;  1 drivers
v0000022b2c084430_0 .net "MemRead", 0 0, L_0000022b2c087790;  1 drivers
v0000022b2c083fd0_0 .net "MemWrite", 0 0, L_0000022b2c086d90;  1 drivers
v0000022b2c0844d0_0 .net "MemtoReg", 0 0, L_0000022b2c0861b0;  1 drivers
v0000022b2c0847f0_0 .net "RegWrite", 0 0, L_0000022b2c0876f0;  1 drivers
v0000022b2c0849d0_0 .net "alu_mux_out", 31 0, L_0000022b2c085e90;  1 drivers
v0000022b2c084890_0 .net "alu_opcode", 3 0, v0000022b2c02d760_0;  1 drivers
v0000022b2c084a70_0 .net "alu_result", 31 0, v0000022b2c02d300_0;  1 drivers
v0000022b2c084b10_0 .net "clk", 0 0, v0000022b2c085a30_0;  1 drivers
v0000022b2c084bb0_0 .net "imm", 31 0, v0000022b2c02d1c0_0;  1 drivers
v0000022b2c0832b0_0 .net "instrucao", 31 0, L_0000022b2c0112b0;  1 drivers
v0000022b2c084d90_0 .net "mem_data", 31 0, v0000022b2c02db20_0;  1 drivers
v0000022b2c0867f0_0 .net "pc_alvo", 31 0, L_0000022b2c086c50;  1 drivers
v0000022b2c0862f0_0 .net "pc_atual", 31 0, v0000022b2c084110_0;  1 drivers
v0000022b2c086430_0 .net "pc_mux_out", 31 0, L_0000022b2c085f30;  1 drivers
v0000022b2c087150_0 .net "pc_proximo", 31 0, L_0000022b2c098f40;  1 drivers
v0000022b2c086cf0_0 .net "pc_soma4", 31 0, L_0000022b2c087510;  1 drivers
v0000022b2c085990_0 .net "rd", 4 0, L_0000022b2c085ad0;  1 drivers
v0000022b2c0858f0_0 .net "rd1", 31 0, L_0000022b2c085cb0;  1 drivers
v0000022b2c0873d0_0 .net "rd2", 31 0, L_0000022b2c086ed0;  1 drivers
v0000022b2c086390_0 .net "reset", 0 0, v0000022b2c0864d0_0;  1 drivers
v0000022b2c086570_0 .net "rs1", 4 0, L_0000022b2c086110;  1 drivers
v0000022b2c085b70_0 .net "rs2", 4 0, L_0000022b2c087650;  1 drivers
v0000022b2c086f70_0 .net "write_data", 31 0, L_0000022b2c087470;  1 drivers
v0000022b2c0866b0_0 .net "zero", 0 0, L_0000022b2c086bb0;  1 drivers
L_0000022b2c086110 .part L_0000022b2c0112b0, 15, 5;
L_0000022b2c087650 .part L_0000022b2c0112b0, 20, 5;
L_0000022b2c085ad0 .part L_0000022b2c0112b0, 7, 5;
L_0000022b2c087010 .part v0000022b2c084110_0, 2, 8;
L_0000022b2c086890 .part L_0000022b2c0112b0, 0, 7;
L_0000022b2c087330 .part L_0000022b2c0112b0, 25, 7;
L_0000022b2c086b10 .part L_0000022b2c0112b0, 12, 3;
S_0000022b2c0119c0 .scope module, "add4_inst" "pc_soma4" 3 34, 4 3 0, S_0000022b2c011830;
 .timescale 0 0;
    .port_info 0 /INPUT 32 "pc";
    .port_info 1 /OUTPUT 32 "pc_out_soma4";
L_0000022b2c130358 .functor BUFT 1, C4<00000000000000000000000000000100>, C4<0>, C4<0>, C4<0>;
v0000022b2c02dee0_0 .net/2u *"_ivl_0", 31 0, L_0000022b2c130358;  1 drivers
v0000022b2c02d3a0_0 .net "pc", 31 0, v0000022b2c084110_0;  alias, 1 drivers
v0000022b2c02e0c0_0 .net "pc_out_soma4", 31 0, L_0000022b2c087510;  alias, 1 drivers
L_0000022b2c087510 .arith/sum 32, v0000022b2c084110_0, L_0000022b2c130358;
S_0000022b2c00f5b0 .scope module, "add_imm" "pc_soma_alvo" 3 35, 5 3 0, S_0000022b2c011830;
 .timescale 0 0;
    .port_info 0 /INPUT 32 "pc";
    .port_info 1 /INPUT 32 "imm";
    .port_info 2 /OUTPUT 32 "pc_out_imm";
v0000022b2c02d8a0_0 .net "imm", 31 0, v0000022b2c02d1c0_0;  alias, 1 drivers
v0000022b2c02d260_0 .net "pc", 31 0, v0000022b2c084110_0;  alias, 1 drivers
v0000022b2c02cfe0_0 .net "pc_out_imm", 31 0, L_0000022b2c086c50;  alias, 1 drivers
L_0000022b2c086c50 .arith/sum 32, v0000022b2c084110_0, v0000022b2c02d1c0_0;
S_0000022b2c00f740 .scope module, "alu_control_inst" "alu_control" 3 30, 6 1 0, S_0000022b2c011830;
 .timescale 0 0;
    .port_info 0 /INPUT 7 "func7";
    .port_info 1 /INPUT 3 "func3";
    .port_info 2 /INPUT 2 "ALUOp";
    .port_info 3 /OUTPUT 4 "alu_opcode";
v0000022b2c02e160_0 .net "ALUOp", 1 0, L_0000022b2c086610;  alias, 1 drivers
v0000022b2c02d760_0 .var "alu_opcode", 3 0;
v0000022b2c02e980_0 .net "func3", 2 0, L_0000022b2c086b10;  1 drivers
v0000022b2c02e520_0 .net "func7", 6 0, L_0000022b2c087330;  1 drivers
E_0000022b2c026450 .event anyedge, v0000022b2c02e160_0, v0000022b2c02e520_0, v0000022b2c02e980_0;
S_0000022b2c00b9b0 .scope module, "alu_inst" "alu" 3 31, 7 3 0, S_0000022b2c011830;
 .timescale 0 0;
    .port_info 0 /INPUT 32 "a";
    .port_info 1 /INPUT 32 "b";
    .port_info 2 /INPUT 4 "alu_opcode";
    .port_info 3 /OUTPUT 32 "alu_result";
    .port_info 4 /OUTPUT 1 "zero";
L_0000022b2c130310 .functor BUFT 1, C4<00000000000000000000000000000000>, C4<0>, C4<0>, C4<0>;
v0000022b2c02e020_0 .net/2u *"_ivl_0", 31 0, L_0000022b2c130310;  1 drivers
v0000022b2c02eca0_0 .net "a", 31 0, L_0000022b2c085cb0;  alias, 1 drivers
v0000022b2c02dd00_0 .net "alu_opcode", 3 0, v0000022b2c02d760_0;  alias, 1 drivers
v0000022b2c02d300_0 .var "alu_result", 31 0;
v0000022b2c02d440_0 .net "b", 31 0, L_0000022b2c085e90;  alias, 1 drivers
v0000022b2c02df80_0 .net "zero", 0 0, L_0000022b2c086bb0;  alias, 1 drivers
E_0000022b2c025c50 .event anyedge, v0000022b2c02d760_0, v0000022b2c02eca0_0, v0000022b2c02d440_0;
L_0000022b2c086bb0 .cmp/eq 32, v0000022b2c02d300_0, L_0000022b2c130310;
S_0000022b2c00bb40 .scope module, "cu_inst" "control_unit" 3 26, 8 1 0, S_0000022b2c011830;
 .timescale 0 0;
    .port_info 0 /INPUT 7 "op";
    .port_info 1 /OUTPUT 1 "ALUSrc";
    .port_info 2 /OUTPUT 1 "MemtoReg";
    .port_info 3 /OUTPUT 1 "RegWrite";
    .port_info 4 /OUTPUT 1 "MemRead";
    .port_info 5 /OUTPUT 1 "MemWrite";
    .port_info 6 /OUTPUT 1 "Branch";
    .port_info 7 /OUTPUT 2 "ALUOp";
v0000022b2c02e5c0_0 .net "ALUOp", 1 0, L_0000022b2c086610;  alias, 1 drivers
v0000022b2c02d800_0 .net "ALUSrc", 0 0, L_0000022b2c0871f0;  alias, 1 drivers
v0000022b2c02e660_0 .net "Branch", 0 0, L_0000022b2c086250;  alias, 1 drivers
v0000022b2c02e700_0 .net "MemRead", 0 0, L_0000022b2c087790;  alias, 1 drivers
v0000022b2c02e7a0_0 .net "MemWrite", 0 0, L_0000022b2c086d90;  alias, 1 drivers
v0000022b2c02d4e0_0 .net "MemtoReg", 0 0, L_0000022b2c0861b0;  alias, 1 drivers
v0000022b2c02dda0_0 .net "RegWrite", 0 0, L_0000022b2c0876f0;  alias, 1 drivers
v0000022b2c02d620_0 .net *"_ivl_9", 7 0, v0000022b2c02eb60_0;  1 drivers
v0000022b2c02eb60_0 .var "control_signals", 7 0;
v0000022b2c02ec00_0 .net "op", 6 0, L_0000022b2c086890;  1 drivers
E_0000022b2c025c90 .event anyedge, v0000022b2c02ec00_0;
L_0000022b2c0871f0 .part v0000022b2c02eb60_0, 7, 1;
L_0000022b2c0861b0 .part v0000022b2c02eb60_0, 6, 1;
L_0000022b2c0876f0 .part v0000022b2c02eb60_0, 5, 1;
L_0000022b2c087790 .part v0000022b2c02eb60_0, 4, 1;
L_0000022b2c086d90 .part v0000022b2c02eb60_0, 3, 1;
L_0000022b2c086250 .part v0000022b2c02eb60_0, 2, 1;
L_0000022b2c086610 .part v0000022b2c02eb60_0, 0, 2;
S_0000022b2c008c60 .scope module, "dm_inst" "data_memory" 3 32, 9 3 0, S_0000022b2c011830;
 .timescale 0 0;
    .port_info 0 /INPUT 32 "addr";
    .port_info 1 /INPUT 1 "clk";
    .port_info 2 /INPUT 32 "wd";
    .port_info 3 /INPUT 1 "we";
    .port_info 4 /INPUT 1 "MemRead";
    .port_info 5 /OUTPUT 32 "rd";
v0000022b2c02d580_0 .net "MemRead", 0 0, L_0000022b2c087790;  alias, 1 drivers
v0000022b2c02e840 .array "RAM", 64 0, 31 0;
v0000022b2c02de40_0 .net "addr", 31 0, v0000022b2c02d300_0;  alias, 1 drivers
v0000022b2c02e2a0_0 .net "clk", 0 0, v0000022b2c085a30_0;  alias, 1 drivers
v0000022b2c02db20_0 .var "rd", 31 0;
v0000022b2c02e200_0 .net "wd", 31 0, L_0000022b2c086ed0;  alias, 1 drivers
v0000022b2c02d6c0_0 .net "we", 0 0, L_0000022b2c086d90;  alias, 1 drivers
E_0000022b2c026150 .event posedge, v0000022b2c02e2a0_0;
v0000022b2c02e840_0 .array/port v0000022b2c02e840, 0;
v0000022b2c02e840_1 .array/port v0000022b2c02e840, 1;
E_0000022b2c026750/0 .event anyedge, v0000022b2c02e700_0, v0000022b2c02d300_0, v0000022b2c02e840_0, v0000022b2c02e840_1;
v0000022b2c02e840_2 .array/port v0000022b2c02e840, 2;
v0000022b2c02e840_3 .array/port v0000022b2c02e840, 3;
v0000022b2c02e840_4 .array/port v0000022b2c02e840, 4;
v0000022b2c02e840_5 .array/port v0000022b2c02e840, 5;
E_0000022b2c026750/1 .event anyedge, v0000022b2c02e840_2, v0000022b2c02e840_3, v0000022b2c02e840_4, v0000022b2c02e840_5;
v0000022b2c02e840_6 .array/port v0000022b2c02e840, 6;
v0000022b2c02e840_7 .array/port v0000022b2c02e840, 7;
v0000022b2c02e840_8 .array/port v0000022b2c02e840, 8;
v0000022b2c02e840_9 .array/port v0000022b2c02e840, 9;
E_0000022b2c026750/2 .event anyedge, v0000022b2c02e840_6, v0000022b2c02e840_7, v0000022b2c02e840_8, v0000022b2c02e840_9;
v0000022b2c02e840_10 .array/port v0000022b2c02e840, 10;
v0000022b2c02e840_11 .array/port v0000022b2c02e840, 11;
v0000022b2c02e840_12 .array/port v0000022b2c02e840, 12;
v0000022b2c02e840_13 .array/port v0000022b2c02e840, 13;
E_0000022b2c026750/3 .event anyedge, v0000022b2c02e840_10, v0000022b2c02e840_11, v0000022b2c02e840_12, v0000022b2c02e840_13;
v0000022b2c02e840_14 .array/port v0000022b2c02e840, 14;
v0000022b2c02e840_15 .array/port v0000022b2c02e840, 15;
v0000022b2c02e840_16 .array/port v0000022b2c02e840, 16;
v0000022b2c02e840_17 .array/port v0000022b2c02e840, 17;
E_0000022b2c026750/4 .event anyedge, v0000022b2c02e840_14, v0000022b2c02e840_15, v0000022b2c02e840_16, v0000022b2c02e840_17;
v0000022b2c02e840_18 .array/port v0000022b2c02e840, 18;
v0000022b2c02e840_19 .array/port v0000022b2c02e840, 19;
v0000022b2c02e840_20 .array/port v0000022b2c02e840, 20;
v0000022b2c02e840_21 .array/port v0000022b2c02e840, 21;
E_0000022b2c026750/5 .event anyedge, v0000022b2c02e840_18, v0000022b2c02e840_19, v0000022b2c02e840_20, v0000022b2c02e840_21;
v0000022b2c02e840_22 .array/port v0000022b2c02e840, 22;
v0000022b2c02e840_23 .array/port v0000022b2c02e840, 23;
v0000022b2c02e840_24 .array/port v0000022b2c02e840, 24;
v0000022b2c02e840_25 .array/port v0000022b2c02e840, 25;
E_0000022b2c026750/6 .event anyedge, v0000022b2c02e840_22, v0000022b2c02e840_23, v0000022b2c02e840_24, v0000022b2c02e840_25;
v0000022b2c02e840_26 .array/port v0000022b2c02e840, 26;
v0000022b2c02e840_27 .array/port v0000022b2c02e840, 27;
v0000022b2c02e840_28 .array/port v0000022b2c02e840, 28;
v0000022b2c02e840_29 .array/port v0000022b2c02e840, 29;
E_0000022b2c026750/7 .event anyedge, v0000022b2c02e840_26, v0000022b2c02e840_27, v0000022b2c02e840_28, v0000022b2c02e840_29;
v0000022b2c02e840_30 .array/port v0000022b2c02e840, 30;
v0000022b2c02e840_31 .array/port v0000022b2c02e840, 31;
v0000022b2c02e840_32 .array/port v0000022b2c02e840, 32;
v0000022b2c02e840_33 .array/port v0000022b2c02e840, 33;
E_0000022b2c026750/8 .event anyedge, v0000022b2c02e840_30, v0000022b2c02e840_31, v0000022b2c02e840_32, v0000022b2c02e840_33;
v0000022b2c02e840_34 .array/port v0000022b2c02e840, 34;
v0000022b2c02e840_35 .array/port v0000022b2c02e840, 35;
v0000022b2c02e840_36 .array/port v0000022b2c02e840, 36;
v0000022b2c02e840_37 .array/port v0000022b2c02e840, 37;
E_0000022b2c026750/9 .event anyedge, v0000022b2c02e840_34, v0000022b2c02e840_35, v0000022b2c02e840_36, v0000022b2c02e840_37;
v0000022b2c02e840_38 .array/port v0000022b2c02e840, 38;
v0000022b2c02e840_39 .array/port v0000022b2c02e840, 39;
v0000022b2c02e840_40 .array/port v0000022b2c02e840, 40;
v0000022b2c02e840_41 .array/port v0000022b2c02e840, 41;
E_0000022b2c026750/10 .event anyedge, v0000022b2c02e840_38, v0000022b2c02e840_39, v0000022b2c02e840_40, v0000022b2c02e840_41;
v0000022b2c02e840_42 .array/port v0000022b2c02e840, 42;
v0000022b2c02e840_43 .array/port v0000022b2c02e840, 43;
v0000022b2c02e840_44 .array/port v0000022b2c02e840, 44;
v0000022b2c02e840_45 .array/port v0000022b2c02e840, 45;
E_0000022b2c026750/11 .event anyedge, v0000022b2c02e840_42, v0000022b2c02e840_43, v0000022b2c02e840_44, v0000022b2c02e840_45;
v0000022b2c02e840_46 .array/port v0000022b2c02e840, 46;
v0000022b2c02e840_47 .array/port v0000022b2c02e840, 47;
v0000022b2c02e840_48 .array/port v0000022b2c02e840, 48;
v0000022b2c02e840_49 .array/port v0000022b2c02e840, 49;
E_0000022b2c026750/12 .event anyedge, v0000022b2c02e840_46, v0000022b2c02e840_47, v0000022b2c02e840_48, v0000022b2c02e840_49;
v0000022b2c02e840_50 .array/port v0000022b2c02e840, 50;
v0000022b2c02e840_51 .array/port v0000022b2c02e840, 51;
v0000022b2c02e840_52 .array/port v0000022b2c02e840, 52;
v0000022b2c02e840_53 .array/port v0000022b2c02e840, 53;
E_0000022b2c026750/13 .event anyedge, v0000022b2c02e840_50, v0000022b2c02e840_51, v0000022b2c02e840_52, v0000022b2c02e840_53;
v0000022b2c02e840_54 .array/port v0000022b2c02e840, 54;
v0000022b2c02e840_55 .array/port v0000022b2c02e840, 55;
v0000022b2c02e840_56 .array/port v0000022b2c02e840, 56;
v0000022b2c02e840_57 .array/port v0000022b2c02e840, 57;
E_0000022b2c026750/14 .event anyedge, v0000022b2c02e840_54, v0000022b2c02e840_55, v0000022b2c02e840_56, v0000022b2c02e840_57;
v0000022b2c02e840_58 .array/port v0000022b2c02e840, 58;
v0000022b2c02e840_59 .array/port v0000022b2c02e840, 59;
v0000022b2c02e840_60 .array/port v0000022b2c02e840, 60;
v0000022b2c02e840_61 .array/port v0000022b2c02e840, 61;
E_0000022b2c026750/15 .event anyedge, v0000022b2c02e840_58, v0000022b2c02e840_59, v0000022b2c02e840_60, v0000022b2c02e840_61;
v0000022b2c02e840_62 .array/port v0000022b2c02e840, 62;
v0000022b2c02e840_63 .array/port v0000022b2c02e840, 63;
v0000022b2c02e840_64 .array/port v0000022b2c02e840, 64;
E_0000022b2c026750/16 .event anyedge, v0000022b2c02e840_62, v0000022b2c02e840_63, v0000022b2c02e840_64;
E_0000022b2c026750 .event/or E_0000022b2c026750/0, E_0000022b2c026750/1, E_0000022b2c026750/2, E_0000022b2c026750/3, E_0000022b2c026750/4, E_0000022b2c026750/5, E_0000022b2c026750/6, E_0000022b2c026750/7, E_0000022b2c026750/8, E_0000022b2c026750/9, E_0000022b2c026750/10, E_0000022b2c026750/11, E_0000022b2c026750/12, E_0000022b2c026750/13, E_0000022b2c026750/14, E_0000022b2c026750/15, E_0000022b2c026750/16;
S_0000022b2c007930 .scope module, "im_inst" "instruction_memory" 3 25, 10 3 0, S_0000022b2c011830;
 .timescale 0 0;
    .port_info 0 /INPUT 8 "addr";
    .port_info 1 /OUTPUT 32 "inst";
L_0000022b2c0112b0 .functor BUFZ 32, L_0000022b2c086930, C4<00000000000000000000000000000000>, C4<00000000000000000000000000000000>, C4<00000000000000000000000000000000>;
v0000022b2c02ea20_0 .net *"_ivl_0", 31 0, L_0000022b2c086930;  1 drivers
v0000022b2c02e340_0 .net *"_ivl_2", 9 0, L_0000022b2c0870b0;  1 drivers
L_0000022b2c130088 .functor BUFT 1, C4<00>, C4<0>, C4<0>, C4<0>;
v0000022b2c02ed40_0 .net *"_ivl_5", 1 0, L_0000022b2c130088;  1 drivers
v0000022b2c02e3e0_0 .net "addr", 7 0, L_0000022b2c087010;  1 drivers
v0000022b2c02e8e0_0 .net "inst", 31 0, L_0000022b2c0112b0;  alias, 1 drivers
v0000022b2c02ee80 .array "mem", 255 0, 31 0;
L_0000022b2c086930 .array/port v0000022b2c02ee80, L_0000022b2c0870b0;
L_0000022b2c0870b0 .concat [ 8 2 0 0], L_0000022b2c087010, L_0000022b2c130088;
S_0000022b2c0069e0 .scope module, "imm_inst" "imm_gen" 3 28, 11 3 0, S_0000022b2c011830;
 .timescale 0 0;
    .port_info 0 /INPUT 32 "inst";
    .port_info 1 /OUTPUT 32 "imm_out";
v0000022b2c02d1c0_0 .var "imm_out", 31 0;
v0000022b2c02d940_0 .net "inst", 31 0, L_0000022b2c0112b0;  alias, 1 drivers
v0000022b2c02da80_0 .net "opcode", 6 0, L_0000022b2c087290;  1 drivers
E_0000022b2c0257d0 .event anyedge, v0000022b2c02da80_0, v0000022b2c02e8e0_0;
L_0000022b2c087290 .part L_0000022b2c0112b0, 0, 7;
S_0000022b2c006b70 .scope module, "ma_inst" "mux_alu_src" 3 29, 12 3 0, S_0000022b2c011830;
 .timescale 0 0;
    .port_info 0 /INPUT 32 "rd2";
    .port_info 1 /INPUT 32 "imm";
    .port_info 2 /INPUT 1 "ALUSrc";
    .port_info 3 /OUTPUT 32 "saida";
v0000022b2c02dbc0_0 .net "ALUSrc", 0 0, L_0000022b2c0871f0;  alias, 1 drivers
v0000022b2c02eac0_0 .net "imm", 31 0, v0000022b2c02d1c0_0;  alias, 1 drivers
v0000022b2c02dc60_0 .net "rd2", 31 0, L_0000022b2c086ed0;  alias, 1 drivers
v0000022b2c02ede0_0 .net "saida", 31 0, L_0000022b2c085e90;  alias, 1 drivers
L_0000022b2c085e90 .functor MUXZ 32, L_0000022b2c086ed0, v0000022b2c02d1c0_0, L_0000022b2c0871f0, C4<>;
S_0000022b2c0041d0 .scope module, "mmtr_inst" "mux_memtoreg" 3 33, 13 3 0, S_0000022b2c011830;
 .timescale 0 0;
    .port_info 0 /INPUT 32 "alu_result";
    .port_info 1 /INPUT 32 "mem_data";
    .port_info 2 /INPUT 1 "MemtoReg";
    .port_info 3 /OUTPUT 32 "saida_memoria";
v0000022b2c02d080_0 .net "MemtoReg", 0 0, L_0000022b2c0861b0;  alias, 1 drivers
v0000022b2c02d120_0 .net "alu_result", 31 0, v0000022b2c02d300_0;  alias, 1 drivers
v0000022b2c0170c0_0 .net "mem_data", 31 0, v0000022b2c02db20_0;  alias, 1 drivers
v0000022b2c083850_0 .net "saida_memoria", 31 0, L_0000022b2c087470;  alias, 1 drivers
L_0000022b2c087470 .functor MUXZ 32, v0000022b2c02d300_0, v0000022b2c02db20_0, L_0000022b2c0861b0, C4<>;
S_0000022b2c004360 .scope module, "muxpc" "mux_pc" 3 36, 14 3 0, S_0000022b2c011830;
 .timescale 0 0;
    .port_info 0 /INPUT 32 "PC_soma_4";
    .port_info 1 /INPUT 32 "PC_alvo";
    .port_info 2 /INPUT 1 "Branch";
    .port_info 3 /INPUT 1 "zero";
    .port_info 4 /OUTPUT 32 "pc_out";
L_0000022b2c011400 .functor AND 1, L_0000022b2c086250, L_0000022b2c086bb0, C4<1>, C4<1>;
v0000022b2c084930_0 .net "Branch", 0 0, L_0000022b2c086250;  alias, 1 drivers
v0000022b2c083490_0 .net "PC_alvo", 31 0, L_0000022b2c086c50;  alias, 1 drivers
v0000022b2c083710_0 .net "PC_soma_4", 31 0, L_0000022b2c087510;  alias, 1 drivers
v0000022b2c0846b0_0 .net *"_ivl_1", 0 0, L_0000022b2c011400;  1 drivers
v0000022b2c084570_0 .net "pc_out", 31 0, L_0000022b2c085f30;  alias, 1 drivers
v0000022b2c084070_0 .net "zero", 0 0, L_0000022b2c086bb0;  alias, 1 drivers
L_0000022b2c085f30 .functor MUXZ 32, L_0000022b2c087510, L_0000022b2c086c50, L_0000022b2c011400, C4<>;
S_0000022b2bfff910 .scope module, "pc_inst" "pc" 3 24, 15 3 0, S_0000022b2c011830;
 .timescale 0 0;
    .port_info 0 /INPUT 32 "pc_in";
    .port_info 1 /INPUT 1 "clk";
    .port_info 2 /INPUT 1 "rst";
    .port_info 3 /OUTPUT 32 "pc_out";
v0000022b2c083cb0_0 .net "clk", 0 0, v0000022b2c085a30_0;  alias, 1 drivers
v0000022b2c083530_0 .net "pc_in", 31 0, L_0000022b2c098f40;  alias, 1 drivers
v0000022b2c084110_0 .var "pc_out", 31 0;
v0000022b2c083d50_0 .net "rst", 0 0, v0000022b2c0864d0_0;  alias, 1 drivers
E_0000022b2c026250 .event posedge, v0000022b2c083d50_0, v0000022b2c02e2a0_0;
S_0000022b2bfffaa0 .scope module, "rf_inst" "register_file" 3 27, 16 3 0, S_0000022b2c011830;
 .timescale 0 0;
    .port_info 0 /INPUT 1 "clk";
    .port_info 1 /INPUT 5 "rs1";
    .port_info 2 /INPUT 5 "rs2";
    .port_info 3 /INPUT 5 "rd";
    .port_info 4 /INPUT 1 "wr";
    .port_info 5 /INPUT 32 "wd";
    .port_info 6 /OUTPUT 32 "rd1";
    .port_info 7 /OUTPUT 32 "rd2";
v0000022b2c083350_0 .net *"_ivl_0", 31 0, L_0000022b2c086e30;  1 drivers
v0000022b2c083210_0 .net *"_ivl_10", 6 0, L_0000022b2c0869d0;  1 drivers
L_0000022b2c130160 .functor BUFT 1, C4<00>, C4<0>, C4<0>, C4<0>;
v0000022b2c0841b0_0 .net *"_ivl_13", 1 0, L_0000022b2c130160;  1 drivers
L_0000022b2c1301a8 .functor BUFT 1, C4<00000000000000000000000000000000>, C4<0>, C4<0>, C4<0>;
v0000022b2c0837b0_0 .net/2u *"_ivl_14", 31 0, L_0000022b2c1301a8;  1 drivers
v0000022b2c0835d0_0 .net *"_ivl_18", 31 0, L_0000022b2c086750;  1 drivers
L_0000022b2c1301f0 .functor BUFT 1, C4<000000000000000000000000000>, C4<0>, C4<0>, C4<0>;
v0000022b2c083f30_0 .net *"_ivl_21", 26 0, L_0000022b2c1301f0;  1 drivers
L_0000022b2c130238 .functor BUFT 1, C4<00000000000000000000000000000000>, C4<0>, C4<0>, C4<0>;
v0000022b2c083670_0 .net/2u *"_ivl_22", 31 0, L_0000022b2c130238;  1 drivers
v0000022b2c083170_0 .net *"_ivl_24", 0 0, L_0000022b2c0875b0;  1 drivers
v0000022b2c084c50_0 .net *"_ivl_26", 31 0, L_0000022b2c085d50;  1 drivers
v0000022b2c083a30_0 .net *"_ivl_28", 6 0, L_0000022b2c086a70;  1 drivers
L_0000022b2c1300d0 .functor BUFT 1, C4<000000000000000000000000000>, C4<0>, C4<0>, C4<0>;
v0000022b2c084250_0 .net *"_ivl_3", 26 0, L_0000022b2c1300d0;  1 drivers
L_0000022b2c130280 .functor BUFT 1, C4<00>, C4<0>, C4<0>, C4<0>;
v0000022b2c0833f0_0 .net *"_ivl_31", 1 0, L_0000022b2c130280;  1 drivers
L_0000022b2c1302c8 .functor BUFT 1, C4<00000000000000000000000000000000>, C4<0>, C4<0>, C4<0>;
v0000022b2c0842f0_0 .net/2u *"_ivl_32", 31 0, L_0000022b2c1302c8;  1 drivers
L_0000022b2c130118 .functor BUFT 1, C4<00000000000000000000000000000000>, C4<0>, C4<0>, C4<0>;
v0000022b2c084390_0 .net/2u *"_ivl_4", 31 0, L_0000022b2c130118;  1 drivers
v0000022b2c0838f0_0 .net *"_ivl_6", 0 0, L_0000022b2c085df0;  1 drivers
v0000022b2c084ed0_0 .net *"_ivl_8", 31 0, L_0000022b2c085c10;  1 drivers
v0000022b2c083ad0_0 .net "clk", 0 0, v0000022b2c085a30_0;  alias, 1 drivers
v0000022b2c083990_0 .net "rd", 4 0, L_0000022b2c085ad0;  alias, 1 drivers
v0000022b2c084cf0_0 .net "rd1", 31 0, L_0000022b2c085cb0;  alias, 1 drivers
v0000022b2c083b70_0 .net "rd2", 31 0, L_0000022b2c086ed0;  alias, 1 drivers
v0000022b2c083c10 .array "regfile", 0 31, 31 0;
v0000022b2c083df0_0 .net "rs1", 4 0, L_0000022b2c086110;  alias, 1 drivers
v0000022b2c084610_0 .net "rs2", 4 0, L_0000022b2c087650;  alias, 1 drivers
v0000022b2c084750_0 .net "wd", 31 0, L_0000022b2c087470;  alias, 1 drivers
v0000022b2c084f70_0 .net "wr", 0 0, L_0000022b2c0876f0;  alias, 1 drivers
L_0000022b2c086e30 .concat [ 5 27 0 0], L_0000022b2c086110, L_0000022b2c1300d0;
L_0000022b2c085df0 .cmp/ne 32, L_0000022b2c086e30, L_0000022b2c130118;
L_0000022b2c085c10 .array/port v0000022b2c083c10, L_0000022b2c0869d0;
L_0000022b2c0869d0 .concat [ 5 2 0 0], L_0000022b2c086110, L_0000022b2c130160;
L_0000022b2c085cb0 .functor MUXZ 32, L_0000022b2c1301a8, L_0000022b2c085c10, L_0000022b2c085df0, C4<>;
L_0000022b2c086750 .concat [ 5 27 0 0], L_0000022b2c087650, L_0000022b2c1301f0;
L_0000022b2c0875b0 .cmp/ne 32, L_0000022b2c086750, L_0000022b2c130238;
L_0000022b2c085d50 .array/port v0000022b2c083c10, L_0000022b2c086a70;
L_0000022b2c086a70 .concat [ 5 2 0 0], L_0000022b2c087650, L_0000022b2c130280;
L_0000022b2c086ed0 .functor MUXZ 32, L_0000022b2c1302c8, L_0000022b2c085d50, L_0000022b2c0875b0, C4<>;
    .scope S_0000022b2bfff910;
T_0 ;
    %wait E_0000022b2c026250;
    %load/vec4 v0000022b2c083d50_0;
    %flag_set/vec4 8;
    %jmp/0xz  T_0.0, 8;
    %pushi/vec4 0, 0, 32;
    %assign/vec4 v0000022b2c084110_0, 0;
    %jmp T_0.1;
T_0.0 ;
    %load/vec4 v0000022b2c083530_0;
    %assign/vec4 v0000022b2c084110_0, 0;
T_0.1 ;
    %jmp T_0;
    .thread T_0;
    .scope S_0000022b2c007930;
T_1 ;
    %vpi_call 10 16 "$readmemh", "../instructions.txt", v0000022b2c02ee80, 32'sb00000000000000000000000000000000, 32'sb00000000000000000000000000000011 {0 0 0};
    %end;
    .thread T_1;
    .scope S_0000022b2c00bb40;
T_2 ;
    %wait E_0000022b2c025c90;
    %load/vec4 v0000022b2c02ec00_0;
    %dup/vec4;
    %pushi/vec4 51, 0, 7;
    %cmp/u;
    %jmp/1 T_2.0, 6;
    %dup/vec4;
    %pushi/vec4 3, 0, 7;
    %cmp/u;
    %jmp/1 T_2.1, 6;
    %dup/vec4;
    %pushi/vec4 35, 0, 7;
    %cmp/u;
    %jmp/1 T_2.2, 6;
    %dup/vec4;
    %pushi/vec4 99, 0, 7;
    %cmp/u;
    %jmp/1 T_2.3, 6;
    %dup/vec4;
    %pushi/vec4 0, 0, 7;
    %cmp/u;
    %jmp/1 T_2.4, 6;
    %pushi/vec4 255, 255, 8;
    %store/vec4 v0000022b2c02eb60_0, 0, 8;
    %jmp T_2.6;
T_2.0 ;
    %pushi/vec4 34, 0, 8;
    %store/vec4 v0000022b2c02eb60_0, 0, 8;
    %jmp T_2.6;
T_2.1 ;
    %pushi/vec4 240, 0, 8;
    %store/vec4 v0000022b2c02eb60_0, 0, 8;
    %jmp T_2.6;
T_2.2 ;
    %pushi/vec4 200, 64, 8;
    %store/vec4 v0000022b2c02eb60_0, 0, 8;
    %jmp T_2.6;
T_2.3 ;
    %pushi/vec4 69, 64, 8;
    %store/vec4 v0000022b2c02eb60_0, 0, 8;
    %jmp T_2.6;
T_2.4 ;
    %pushi/vec4 0, 0, 8;
    %store/vec4 v0000022b2c02eb60_0, 0, 8;
    %jmp T_2.6;
T_2.6 ;
    %pop/vec4 1;
    %jmp T_2;
    .thread T_2, $push;
    .scope S_0000022b2bfffaa0;
T_3 ;
    %wait E_0000022b2c026150;
    %load/vec4 v0000022b2c084f70_0;
    %flag_set/vec4 8;
    %jmp/0xz  T_3.0, 8;
    %load/vec4 v0000022b2c084750_0;
    %load/vec4 v0000022b2c083990_0;
    %pad/u 7;
    %ix/vec4 3;
    %ix/load 4, 0, 0; Constant delay
    %assign/vec4/a/d v0000022b2c083c10, 0, 4;
T_3.0 ;
    %jmp T_3;
    .thread T_3;
    .scope S_0000022b2bfffaa0;
T_4 ;
    %pushi/vec4 0, 0, 32;
    %ix/load 4, 0, 0;
    %flag_set/imm 4, 0;
    %store/vec4a v0000022b2c083c10, 4, 0;
    %pushi/vec4 5, 0, 32;
    %ix/load 4, 2, 0;
    %flag_set/imm 4, 0;
    %store/vec4a v0000022b2c083c10, 4, 0;
    %pushi/vec4 10, 0, 32;
    %ix/load 4, 3, 0;
    %flag_set/imm 4, 0;
    %store/vec4a v0000022b2c083c10, 4, 0;
    %pushi/vec4 0, 0, 32;
    %ix/load 4, 1, 0;
    %flag_set/imm 4, 0;
    %store/vec4a v0000022b2c083c10, 4, 0;
    %pushi/vec4 0, 0, 32;
    %ix/load 4, 5, 0;
    %flag_set/imm 4, 0;
    %store/vec4a v0000022b2c083c10, 4, 0;
    %pushi/vec4 10, 0, 32;
    %ix/load 4, 4, 0;
    %flag_set/imm 4, 0;
    %store/vec4a v0000022b2c083c10, 4, 0;
    %delay 100, 0;
    %vpi_call 16 34 "$display", "Valor do registrador x1 = %d", &A<v0000022b2c083c10, 1> {0 0 0};
    %delay 1, 0;
    %vpi_call 16 35 "$display", "Valor do registrador x2 = %d", &A<v0000022b2c083c10, 2> {0 0 0};
    %delay 1, 0;
    %vpi_call 16 36 "$display", "Valor do registrador x3 = %d", &A<v0000022b2c083c10, 3> {0 0 0};
    %delay 1, 0;
    %vpi_call 16 37 "$display", "Valor do registrador x5 = %d", &A<v0000022b2c083c10, 5> {0 0 0};
    %delay 1, 0;
    %vpi_call 16 39 "$finish" {0 0 0};
    %end;
    .thread T_4;
    .scope S_0000022b2c0069e0;
T_5 ;
    %wait E_0000022b2c0257d0;
    %load/vec4 v0000022b2c02da80_0;
    %dup/vec4;
    %pushi/vec4 3, 0, 7;
    %cmp/u;
    %jmp/1 T_5.0, 6;
    %dup/vec4;
    %pushi/vec4 35, 0, 7;
    %cmp/u;
    %jmp/1 T_5.1, 6;
    %dup/vec4;
    %pushi/vec4 99, 0, 7;
    %cmp/u;
    %jmp/1 T_5.2, 6;
    %pushi/vec4 0, 0, 32;
    %store/vec4 v0000022b2c02d1c0_0, 0, 32;
    %jmp T_5.4;
T_5.0 ;
    %load/vec4 v0000022b2c02d940_0;
    %parti/s 1, 31, 6;
    %replicate 20;
    %load/vec4 v0000022b2c02d940_0;
    %parti/s 12, 20, 6;
    %concat/vec4; draw_concat_vec4
    %store/vec4 v0000022b2c02d1c0_0, 0, 32;
    %jmp T_5.4;
T_5.1 ;
    %load/vec4 v0000022b2c02d940_0;
    %parti/s 1, 31, 6;
    %replicate 20;
    %load/vec4 v0000022b2c02d940_0;
    %parti/s 7, 25, 6;
    %concat/vec4; draw_concat_vec4
    %load/vec4 v0000022b2c02d940_0;
    %parti/s 5, 7, 4;
    %concat/vec4; draw_concat_vec4
    %store/vec4 v0000022b2c02d1c0_0, 0, 32;
    %jmp T_5.4;
T_5.2 ;
    %load/vec4 v0000022b2c02d940_0;
    %parti/s 1, 31, 6;
    %replicate 20;
    %load/vec4 v0000022b2c02d940_0;
    %parti/s 1, 7, 4;
    %concat/vec4; draw_concat_vec4
    %load/vec4 v0000022b2c02d940_0;
    %parti/s 6, 25, 6;
    %concat/vec4; draw_concat_vec4
    %load/vec4 v0000022b2c02d940_0;
    %parti/s 4, 8, 5;
    %concat/vec4; draw_concat_vec4
    %concati/vec4 0, 0, 1;
    %store/vec4 v0000022b2c02d1c0_0, 0, 32;
    %jmp T_5.4;
T_5.4 ;
    %pop/vec4 1;
    %jmp T_5;
    .thread T_5, $push;
    .scope S_0000022b2c00f740;
T_6 ;
    %wait E_0000022b2c026450;
    %load/vec4 v0000022b2c02e160_0;
    %dup/vec4;
    %pushi/vec4 0, 0, 2;
    %cmp/u;
    %jmp/1 T_6.0, 6;
    %dup/vec4;
    %pushi/vec4 1, 0, 2;
    %cmp/u;
    %jmp/1 T_6.1, 6;
    %dup/vec4;
    %pushi/vec4 2, 0, 2;
    %cmp/u;
    %jmp/1 T_6.2, 6;
    %pushi/vec4 15, 15, 4;
    %store/vec4 v0000022b2c02d760_0, 0, 4;
    %jmp T_6.4;
T_6.0 ;
    %pushi/vec4 2, 0, 4;
    %store/vec4 v0000022b2c02d760_0, 0, 4;
    %jmp T_6.4;
T_6.1 ;
    %pushi/vec4 6, 0, 4;
    %store/vec4 v0000022b2c02d760_0, 0, 4;
    %jmp T_6.4;
T_6.2 ;
    %load/vec4 v0000022b2c02e520_0;
    %load/vec4 v0000022b2c02e980_0;
    %concat/vec4; draw_concat_vec4
    %dup/vec4;
    %pushi/vec4 0, 0, 10;
    %cmp/u;
    %jmp/1 T_6.5, 6;
    %dup/vec4;
    %pushi/vec4 256, 0, 10;
    %cmp/u;
    %jmp/1 T_6.6, 6;
    %dup/vec4;
    %pushi/vec4 7, 0, 10;
    %cmp/u;
    %jmp/1 T_6.7, 6;
    %dup/vec4;
    %pushi/vec4 6, 0, 10;
    %cmp/u;
    %jmp/1 T_6.8, 6;
    %pushi/vec4 15, 15, 4;
    %store/vec4 v0000022b2c02d760_0, 0, 4;
    %jmp T_6.10;
T_6.5 ;
    %pushi/vec4 2, 0, 4;
    %store/vec4 v0000022b2c02d760_0, 0, 4;
    %jmp T_6.10;
T_6.6 ;
    %pushi/vec4 6, 0, 4;
    %store/vec4 v0000022b2c02d760_0, 0, 4;
    %jmp T_6.10;
T_6.7 ;
    %pushi/vec4 0, 0, 4;
    %store/vec4 v0000022b2c02d760_0, 0, 4;
    %jmp T_6.10;
T_6.8 ;
    %pushi/vec4 1, 0, 4;
    %store/vec4 v0000022b2c02d760_0, 0, 4;
    %jmp T_6.10;
T_6.10 ;
    %pop/vec4 1;
    %jmp T_6.4;
T_6.4 ;
    %pop/vec4 1;
    %jmp T_6;
    .thread T_6, $push;
    .scope S_0000022b2c00b9b0;
T_7 ;
    %wait E_0000022b2c025c50;
    %load/vec4 v0000022b2c02dd00_0;
    %dup/vec4;
    %pushi/vec4 0, 0, 4;
    %cmp/u;
    %jmp/1 T_7.0, 6;
    %dup/vec4;
    %pushi/vec4 1, 0, 4;
    %cmp/u;
    %jmp/1 T_7.1, 6;
    %dup/vec4;
    %pushi/vec4 2, 0, 4;
    %cmp/u;
    %jmp/1 T_7.2, 6;
    %dup/vec4;
    %pushi/vec4 6, 0, 4;
    %cmp/u;
    %jmp/1 T_7.3, 6;
    %pushi/vec4 0, 4294967295, 32;
    %assign/vec4 v0000022b2c02d300_0, 0;
    %jmp T_7.5;
T_7.0 ;
    %load/vec4 v0000022b2c02eca0_0;
    %load/vec4 v0000022b2c02d440_0;
    %and;
    %assign/vec4 v0000022b2c02d300_0, 0;
    %jmp T_7.5;
T_7.1 ;
    %load/vec4 v0000022b2c02eca0_0;
    %load/vec4 v0000022b2c02d440_0;
    %or;
    %assign/vec4 v0000022b2c02d300_0, 0;
    %jmp T_7.5;
T_7.2 ;
    %load/vec4 v0000022b2c02eca0_0;
    %load/vec4 v0000022b2c02d440_0;
    %add;
    %assign/vec4 v0000022b2c02d300_0, 0;
    %jmp T_7.5;
T_7.3 ;
    %load/vec4 v0000022b2c02eca0_0;
    %load/vec4 v0000022b2c02d440_0;
    %sub;
    %assign/vec4 v0000022b2c02d300_0, 0;
    %jmp T_7.5;
T_7.5 ;
    %pop/vec4 1;
    %jmp T_7;
    .thread T_7, $push;
    .scope S_0000022b2c008c60;
T_8 ;
    %wait E_0000022b2c026750;
    %load/vec4 v0000022b2c02d580_0;
    %flag_set/vec4 8;
    %jmp/0xz  T_8.0, 8;
    %ix/getv 4, v0000022b2c02de40_0;
    %load/vec4a v0000022b2c02e840, 4;
    %store/vec4 v0000022b2c02db20_0, 0, 32;
    %jmp T_8.1;
T_8.0 ;
    %pushi/vec4 0, 0, 32;
    %store/vec4 v0000022b2c02db20_0, 0, 32;
T_8.1 ;
    %jmp T_8;
    .thread T_8, $push;
    .scope S_0000022b2c008c60;
T_9 ;
    %wait E_0000022b2c026150;
    %load/vec4 v0000022b2c02d6c0_0;
    %flag_set/vec4 8;
    %jmp/0xz  T_9.0, 8;
    %load/vec4 v0000022b2c02e200_0;
    %ix/getv 3, v0000022b2c02de40_0;
    %ix/load 4, 0, 0; Constant delay
    %assign/vec4/a/d v0000022b2c02e840, 0, 4;
T_9.0 ;
    %jmp T_9;
    .thread T_9;
    .scope S_0000022b2c008c60;
T_10 ;
    %pushi/vec4 0, 0, 32;
    %ix/load 4, 5, 0;
    %flag_set/imm 4, 0;
    %store/vec4a v0000022b2c02e840, 4, 0;
    %pushi/vec4 33, 0, 32;
    %ix/load 4, 9, 0;
    %flag_set/imm 4, 0;
    %store/vec4a v0000022b2c02e840, 4, 0;
    %delay 100, 0;
    %vpi_call 9 34 "$display", "Valor do memoria RAM[5] = %d", &A<v0000022b2c02e840, 5> {0 0 0};
    %delay 1, 0;
    %vpi_call 9 35 "$display", "Valor do memoria RAM[5] = %d", &A<v0000022b2c02e840, 9> {0 0 0};
    %delay 1, 0;
    %vpi_call 9 36 "$finish" {0 0 0};
    %end;
    .thread T_10;
    .scope S_0000022b2c021c50;
T_11 ;
    %pushi/vec4 0, 0, 1;
    %store/vec4 v0000022b2c085a30_0, 0, 1;
T_11.0 ;
    %delay 5, 0;
    %load/vec4 v0000022b2c085a30_0;
    %inv;
    %store/vec4 v0000022b2c085a30_0, 0, 1;
    %jmp T_11.0;
    %end;
    .thread T_11;
    .scope S_0000022b2c021c50;
T_12 ;
    %vpi_call 2 16 "$dumpfile", "datapath.vcd" {0 0 0};
    %vpi_call 2 17 "$dumpvars", 32'sb00000000000000000000000000000000, S_0000022b2c021c50 {0 0 0};
    %pushi/vec4 1, 0, 1;
    %store/vec4 v0000022b2c0864d0_0, 0, 1;
    %delay 10, 0;
    %pushi/vec4 0, 0, 1;
    %store/vec4 v0000022b2c0864d0_0, 0, 1;
    %delay 100, 0;
    %vpi_call 2 25 "$finish" {0 0 0};
    %end;
    .thread T_12;
# The file index is used to find the file name in the following table.
:file_names 17;
    "N/A";
    "<interactive>";
    "datapath_tb.v";
    "datapath.v";
    "..\somadores\pc_soma4.v";
    "..\somadores\pc_soma_alvo.v";
    "..\controle\alu_control.v";
    "..\alu\alu.v";
    "..\controle\control_unit.v";
    "..\memorias\data_memory.v";
    "..\memorias\instruction_memory.v";
    "..\imm\imm_gen.v";
    "..\muxes\mux_alu_src.v";
    "..\muxes\mux_memtoreg.v";
    "..\muxes\mux_pc.v";
    "..\pc\pc.v";
    "..\memorias\register_file.v";
