#! /c/Source/iverilog-install/bin/vvp
:ivl_version "12.0 (devel)" "(s20150603-1539-g2693dd32b)";
:ivl_delay_selection "TYPICAL";
:vpi_time_precision + 0;
:vpi_module "D:\iverilog\lib\ivl\system.vpi";
:vpi_module "D:\iverilog\lib\ivl\vhdl_sys.vpi";
:vpi_module "D:\iverilog\lib\ivl\vhdl_textio.vpi";
:vpi_module "D:\iverilog\lib\ivl\v2005_math.vpi";
:vpi_module "D:\iverilog\lib\ivl\va_math.vpi";
S_000001d6a21f8170 .scope module, "alu_tb" "alu_tb" 2 1;
 .timescale 0 0;
v000001d6a22125b0_0 .var "ALUOp", 3 0;
v000001d6a2212650_0 .var "a", 31 0;
v000001d6a22126f0_0 .net "alu_result", 31 0, v000001d6a21fae50_0;  1 drivers
v000001d6a2212790_0 .var "b", 31 0;
v000001d6a2212830_0 .net "zero", 0 0, L_000001d6a22128d0;  1 drivers
S_000001d6a21fac20 .scope module, "test1" "alu" 2 8, 3 3 0, S_000001d6a21f8170;
 .timescale 0 0;
    .port_info 0 /INPUT 32 "a";
    .port_info 1 /INPUT 32 "b";
    .port_info 2 /INPUT 4 "alu_opcode";
    .port_info 3 /OUTPUT 32 "alu_result";
    .port_info 4 /OUTPUT 1 "zero";
L_000001d6a228fff8 .functor BUFT 1, C4<00000000000000000000000000000000>, C4<0>, C4<0>, C4<0>;
v000001d6a21f7f90_0 .net/2u *"_ivl_0", 31 0, L_000001d6a228fff8;  1 drivers
v000001d6a21f6fd0_0 .net "a", 31 0, v000001d6a2212650_0;  1 drivers
v000001d6a21fadb0_0 .net "alu_opcode", 3 0, v000001d6a22125b0_0;  1 drivers
v000001d6a21fae50_0 .var "alu_result", 31 0;
v000001d6a21faef0_0 .net "b", 31 0, v000001d6a2212790_0;  1 drivers
v000001d6a2212510_0 .net "zero", 0 0, L_000001d6a22128d0;  alias, 1 drivers
E_000001d6a2247720 .event anyedge, v000001d6a21fadb0_0, v000001d6a21f6fd0_0, v000001d6a21faef0_0;
L_000001d6a22128d0 .cmp/eq 32, v000001d6a21fae50_0, L_000001d6a228fff8;
    .scope S_000001d6a21fac20;
T_0 ;
    %wait E_000001d6a2247720;
    %load/vec4 v000001d6a21fadb0_0;
    %dup/vec4;
    %pushi/vec4 0, 0, 4;
    %cmp/u;
    %jmp/1 T_0.0, 6;
    %dup/vec4;
    %pushi/vec4 1, 0, 4;
    %cmp/u;
    %jmp/1 T_0.1, 6;
    %dup/vec4;
    %pushi/vec4 2, 0, 4;
    %cmp/u;
    %jmp/1 T_0.2, 6;
    %dup/vec4;
    %pushi/vec4 6, 0, 4;
    %cmp/u;
    %jmp/1 T_0.3, 6;
    %pushi/vec4 0, 4294967295, 32;
    %assign/vec4 v000001d6a21fae50_0, 0;
    %jmp T_0.5;
T_0.0 ;
    %load/vec4 v000001d6a21f6fd0_0;
    %load/vec4 v000001d6a21faef0_0;
    %and;
    %assign/vec4 v000001d6a21fae50_0, 0;
    %jmp T_0.5;
T_0.1 ;
    %load/vec4 v000001d6a21f6fd0_0;
    %load/vec4 v000001d6a21faef0_0;
    %or;
    %assign/vec4 v000001d6a21fae50_0, 0;
    %jmp T_0.5;
T_0.2 ;
    %load/vec4 v000001d6a21f6fd0_0;
    %load/vec4 v000001d6a21faef0_0;
    %add;
    %assign/vec4 v000001d6a21fae50_0, 0;
    %jmp T_0.5;
T_0.3 ;
    %load/vec4 v000001d6a21f6fd0_0;
    %load/vec4 v000001d6a21faef0_0;
    %sub;
    %assign/vec4 v000001d6a21fae50_0, 0;
    %jmp T_0.5;
T_0.5 ;
    %pop/vec4 1;
    %jmp T_0;
    .thread T_0, $push;
    .scope S_000001d6a21f8170;
T_1 ;
    %vpi_call 2 12 "$dumpfile", "alu.vcd" {0 0 0};
    %vpi_call 2 13 "$dumpvars", 32'sb00000000000000000000000000000000, S_000001d6a21f8170 {0 0 0};
    %vpi_call 2 15 "$display", "Testando ALU..." {0 0 0};
    %delay 5, 0;
    %vpi_call 2 17 "$monitor", "a = %b | b = %b | (opcode = %b) | out = %b | zero = %b", v000001d6a2212650_0, v000001d6a2212790_0, v000001d6a22125b0_0, v000001d6a22126f0_0, v000001d6a2212830_0 {0 0 0};
    %pushi/vec4 4, 0, 32;
    %store/vec4 v000001d6a2212650_0, 0, 32;
    %pushi/vec4 4, 0, 32;
    %store/vec4 v000001d6a2212790_0, 0, 32;
    %pushi/vec4 0, 0, 4;
    %store/vec4 v000001d6a22125b0_0, 0, 4;
    %delay 5, 0;
    %pushi/vec4 1, 0, 4;
    %store/vec4 v000001d6a22125b0_0, 0, 4;
    %delay 5, 0;
    %pushi/vec4 2, 0, 4;
    %store/vec4 v000001d6a22125b0_0, 0, 4;
    %delay 5, 0;
    %pushi/vec4 6, 0, 4;
    %store/vec4 v000001d6a22125b0_0, 0, 4;
    %delay 5, 0;
    %delay 1, 0;
    %vpi_call 2 28 "$finish" {0 0 0};
    %end;
    .thread T_1;
# The file index is used to find the file name in the following table.
:file_names 4;
    "N/A";
    "<interactive>";
    "alu_tb.v";
    "alu.v";
