#! /c/Source/iverilog-install/bin/vvp
:ivl_version "12.0 (devel)" "(s20150603-1539-g2693dd32b)";
:ivl_delay_selection "TYPICAL";
:vpi_time_precision + 0;
:vpi_module "D:\iverilog\lib\ivl\system.vpi";
:vpi_module "D:\iverilog\lib\ivl\vhdl_sys.vpi";
:vpi_module "D:\iverilog\lib\ivl\vhdl_textio.vpi";
:vpi_module "D:\iverilog\lib\ivl\v2005_math.vpi";
:vpi_module "D:\iverilog\lib\ivl\va_math.vpi";
S_000002ca3cd06850 .scope module, "pc_tb" "pc_tb" 2 3;
 .timescale 0 0;
v000002ca3ccbac20_0 .var "clk", 0 0;
v000002ca3ccbacc0_0 .var "pc_in", 31 0;
v000002ca3ccbad60_0 .net "pc_out", 31 0, v000002ca3cd06b70_0;  1 drivers
v000002ca3ccbae00_0 .var "rst", 0 0;
S_000002ca3cd069e0 .scope module, "uut" "pc" 2 7, 3 3 0, S_000002ca3cd06850;
 .timescale 0 0;
    .port_info 0 /INPUT 32 "pc_in";
    .port_info 1 /INPUT 1 "clk";
    .port_info 2 /INPUT 1 "rst";
    .port_info 3 /OUTPUT 32 "pc_out";
v000002ca3ccb9a10_0 .net "clk", 0 0, v000002ca3ccbac20_0;  1 drivers
v000002ca3ccb9cc0_0 .net "pc_in", 31 0, v000002ca3ccbacc0_0;  1 drivers
v000002ca3cd06b70_0 .var "pc_out", 31 0;
v000002ca3cd06c10_0 .net "rst", 0 0, v000002ca3ccbae00_0;  1 drivers
E_000002ca3ccbbd70 .event posedge, v000002ca3cd06c10_0, v000002ca3ccb9a10_0;
    .scope S_000002ca3cd069e0;
T_0 ;
    %wait E_000002ca3ccbbd70;
    %load/vec4 v000002ca3cd06c10_0;
    %flag_set/vec4 8;
    %jmp/0xz  T_0.0, 8;
    %pushi/vec4 0, 0, 32;
    %assign/vec4 v000002ca3cd06b70_0, 0;
    %jmp T_0.1;
T_0.0 ;
    %load/vec4 v000002ca3ccb9cc0_0;
    %assign/vec4 v000002ca3cd06b70_0, 0;
T_0.1 ;
    %jmp T_0;
    .thread T_0;
    .scope S_000002ca3cd06850;
T_1 ;
    %vpi_call 2 11 "$dumpfile", "pc.vcd" {0 0 0};
    %vpi_call 2 12 "$dumpvars", 32'sb00000000000000000000000000000000, S_000002ca3cd06850 {0 0 0};
    %vpi_call 2 14 "$monitor", "current state: %h", v000002ca3ccbad60_0 {0 0 0};
    %pushi/vec4 0, 0, 1;
    %store/vec4 v000002ca3ccbae00_0, 0, 1;
    %delay 5, 0;
    %pushi/vec4 12345678, 0, 32;
    %store/vec4 v000002ca3ccbacc0_0, 0, 32;
    %delay 5, 0;
    %pushi/vec4 1, 0, 1;
    %store/vec4 v000002ca3ccbae00_0, 0, 1;
    %delay 5, 0;
    %vpi_call 2 20 "$finish" {0 0 0};
    %end;
    .thread T_1;
    .scope S_000002ca3cd06850;
T_2 ;
    %pushi/vec4 0, 0, 1;
    %store/vec4 v000002ca3ccbac20_0, 0, 1;
T_2.0 ;
    %delay 5, 0;
    %load/vec4 v000002ca3ccbac20_0;
    %inv;
    %store/vec4 v000002ca3ccbac20_0, 0, 1;
    %jmp T_2.0;
    %end;
    .thread T_2;
# The file index is used to find the file name in the following table.
:file_names 4;
    "N/A";
    "<interactive>";
    "pc_tb.v";
    "pc.v";
