#! /c/Source/iverilog-install/bin/vvp
:ivl_version "12.0 (devel)" "(s20150603-1539-g2693dd32b)";
:ivl_delay_selection "TYPICAL";
:vpi_time_precision + 0;
:vpi_module "D:\iverilog\lib\ivl\system.vpi";
:vpi_module "D:\iverilog\lib\ivl\vhdl_sys.vpi";
:vpi_module "D:\iverilog\lib\ivl\vhdl_textio.vpi";
:vpi_module "D:\iverilog\lib\ivl\v2005_math.vpi";
:vpi_module "D:\iverilog\lib\ivl\va_math.vpi";
S_0000016bd8ba8ec0 .scope module, "instruction_memory_tb" "instruction_memory_tb" 2 3;
 .timescale 0 0;
v0000016bd8a42b30_0 .var "addr", 7 0;
v0000016bd8a42bd0_0 .var/i "i", 31 0;
v0000016bd8a42c70_0 .net "inst", 31 0, L_0000016bd8a76960;  1 drivers
S_0000016bd8baac40 .scope module, "im1" "instruction_memory" 2 8, 3 3 0, S_0000016bd8ba8ec0;
 .timescale 0 0;
    .port_info 0 /INPUT 8 "addr";
    .port_info 1 /OUTPUT 32 "inst";
L_0000016bd8a76960 .functor BUFZ 32, L_0000016bd8a42d10, C4<00000000000000000000000000000000>, C4<00000000000000000000000000000000>, C4<00000000000000000000000000000000>;
v0000016bd8ba8940_0 .net *"_ivl_0", 31 0, L_0000016bd8a42d10;  1 drivers
v0000016bd8a43400_0 .net *"_ivl_2", 9 0, L_0000016bd8a42db0;  1 drivers
L_0000016bd8abc028 .functor BUFT 1, C4<00>, C4<0>, C4<0>, C4<0>;
v0000016bd8ba9050_0 .net *"_ivl_5", 1 0, L_0000016bd8abc028;  1 drivers
v0000016bd8baadd0_0 .net "addr", 7 0, v0000016bd8a42b30_0;  1 drivers
v0000016bd8baae70_0 .net "inst", 31 0, L_0000016bd8a76960;  alias, 1 drivers
v0000016bd8baaf10 .array "mem", 255 0, 31 0;
L_0000016bd8a42d10 .array/port v0000016bd8baaf10, L_0000016bd8a42db0;
L_0000016bd8a42db0 .concat [ 8 2 0 0], v0000016bd8a42b30_0, L_0000016bd8abc028;
    .scope S_0000016bd8baac40;
T_0 ;
    %vpi_call 3 16 "$readmemh", "../instructions.txt", v0000016bd8baaf10, 32'sb00000000000000000000000000000000 {0 0 0};
    %end;
    .thread T_0;
    .scope S_0000016bd8ba8ec0;
T_1 ;
    %vpi_call 2 14 "$dumpfile", "instruction_memory.vcd" {0 0 0};
    %vpi_call 2 15 "$dumpvars", 32'sb00000000000000000000000000000000, S_0000016bd8ba8ec0 {0 0 0};
    %pushi/vec4 0, 0, 32;
    %store/vec4 v0000016bd8a42bd0_0, 0, 32;
T_1.0 ;
    %load/vec4 v0000016bd8a42bd0_0;
    %cmpi/s 4, 0, 32;
    %jmp/0xz T_1.1, 5;
    %load/vec4 v0000016bd8a42bd0_0;
    %pad/s 8;
    %store/vec4 v0000016bd8a42b30_0, 0, 8;
    %delay 5, 0;
    %vpi_call 2 21 "$display", "ENDERE\303\207O = %d | INSTRU\303\207\303\203O = %h", v0000016bd8a42b30_0, v0000016bd8a42c70_0 {0 0 0};
    ; show_stmt_assign_vector: Get l-value for compressed += operand
    %load/vec4 v0000016bd8a42bd0_0;
    %pushi/vec4 1, 0, 32;
    %add;
    %store/vec4 v0000016bd8a42bd0_0, 0, 32;
    %jmp T_1.0;
T_1.1 ;
    %delay 5, 0;
    %vpi_call 2 26 "$finish" {0 0 0};
    %end;
    .thread T_1;
# The file index is used to find the file name in the following table.
:file_names 4;
    "N/A";
    "<interactive>";
    "instruction_memory_tb.v";
    "instruction_memory.v";
