#! /c/Source/iverilog-install/bin/vvp
:ivl_version "12.0 (devel)" "(s20150603-1539-g2693dd32b)";
:ivl_delay_selection "TYPICAL";
:vpi_time_precision + 0;
:vpi_module "D:\iverilog\lib\ivl\system.vpi";
:vpi_module "D:\iverilog\lib\ivl\vhdl_sys.vpi";
:vpi_module "D:\iverilog\lib\ivl\vhdl_textio.vpi";
:vpi_module "D:\iverilog\lib\ivl\v2005_math.vpi";
:vpi_module "D:\iverilog\lib\ivl\va_math.vpi";
S_000001f52319ac40 .scope module, "register_file_tb" "register_file_tb" 2 3;
 .timescale 0 0;
v000001f523237c80_0 .var "clk", 0 0;
v000001f523237fa0_0 .var "rd", 4 0;
v000001f523238680_0 .net "rd1", 31 0, L_000001f52323a1d0;  1 drivers
v000001f52323a310_0 .net "rd2", 31 0, L_000001f523239690;  1 drivers
v000001f523239d70_0 .var "rs1", 4 0;
v000001f523239870_0 .var "rs2", 4 0;
v000001f523238fb0_0 .var "wd", 31 0;
v000001f523239050_0 .var "wr", 0 0;
S_000001f52319add0 .scope module, "rf1" "register_file" 2 10, 3 3 0, S_000001f52319ac40;
 .timescale 0 0;
    .port_info 0 /INPUT 1 "clk";
    .port_info 1 /INPUT 5 "rs1";
    .port_info 2 /INPUT 5 "rs2";
    .port_info 3 /INPUT 5 "rd";
    .port_info 4 /INPUT 1 "wr";
    .port_info 5 /INPUT 32 "wd";
    .port_info 6 /OUTPUT 32 "rd1";
    .port_info 7 /OUTPUT 32 "rd2";
v000001f5231dadb0_0 .net *"_ivl_0", 31 0, L_000001f523239370;  1 drivers
v000001f5231b2f70_0 .net *"_ivl_10", 6 0, L_000001f523239230;  1 drivers
L_000001f52323a928 .functor BUFT 1, C4<00>, C4<0>, C4<0>, C4<0>;
v000001f5231dae50_0 .net *"_ivl_13", 1 0, L_000001f52323a928;  1 drivers
L_000001f52323a970 .functor BUFT 1, C4<00000000000000000000000000000000>, C4<0>, C4<0>, C4<0>;
v000001f523238180_0 .net/2u *"_ivl_14", 31 0, L_000001f52323a970;  1 drivers
v000001f523237960_0 .net *"_ivl_18", 31 0, L_000001f52323a6d0;  1 drivers
L_000001f52323a9b8 .functor BUFT 1, C4<000000000000000000000000000>, C4<0>, C4<0>, C4<0>;
v000001f5232380e0_0 .net *"_ivl_21", 26 0, L_000001f52323a9b8;  1 drivers
L_000001f52323aa00 .functor BUFT 1, C4<00000000000000000000000000000000>, C4<0>, C4<0>, C4<0>;
v000001f523237d20_0 .net/2u *"_ivl_22", 31 0, L_000001f52323aa00;  1 drivers
v000001f523238720_0 .net *"_ivl_24", 0 0, L_000001f523239cd0;  1 drivers
v000001f523237dc0_0 .net *"_ivl_26", 31 0, L_000001f52323a770;  1 drivers
v000001f523237aa0_0 .net *"_ivl_28", 6 0, L_000001f523239f50;  1 drivers
L_000001f52323a898 .functor BUFT 1, C4<000000000000000000000000000>, C4<0>, C4<0>, C4<0>;
v000001f523237e60_0 .net *"_ivl_3", 26 0, L_000001f52323a898;  1 drivers
L_000001f52323aa48 .functor BUFT 1, C4<00>, C4<0>, C4<0>, C4<0>;
v000001f523238400_0 .net *"_ivl_31", 1 0, L_000001f52323aa48;  1 drivers
L_000001f52323aa90 .functor BUFT 1, C4<00000000000000000000000000000000>, C4<0>, C4<0>, C4<0>;
v000001f5232384a0_0 .net/2u *"_ivl_32", 31 0, L_000001f52323aa90;  1 drivers
L_000001f52323a8e0 .functor BUFT 1, C4<00000000000000000000000000000000>, C4<0>, C4<0>, C4<0>;
v000001f523238540_0 .net/2u *"_ivl_4", 31 0, L_000001f52323a8e0;  1 drivers
v000001f5232387c0_0 .net *"_ivl_6", 0 0, L_000001f523238e70;  1 drivers
v000001f523238220_0 .net *"_ivl_8", 31 0, L_000001f5232388d0;  1 drivers
v000001f5232378c0_0 .net "clk", 0 0, v000001f523237c80_0;  1 drivers
v000001f523237a00_0 .net "rd", 4 0, v000001f523237fa0_0;  1 drivers
v000001f523237b40_0 .net "rd1", 31 0, L_000001f52323a1d0;  alias, 1 drivers
v000001f5232385e0_0 .net "rd2", 31 0, L_000001f523239690;  alias, 1 drivers
v000001f523238040 .array "regfile", 0 31, 31 0;
v000001f523237be0_0 .net "rs1", 4 0, v000001f523239d70_0;  1 drivers
v000001f5232382c0_0 .net "rs2", 4 0, v000001f523239870_0;  1 drivers
v000001f523238360_0 .net "wd", 31 0, v000001f523238fb0_0;  1 drivers
v000001f523237f00_0 .net "wr", 0 0, v000001f523239050_0;  1 drivers
E_000001f523197120 .event posedge, v000001f5232378c0_0;
L_000001f523239370 .concat [ 5 27 0 0], v000001f523239d70_0, L_000001f52323a898;
L_000001f523238e70 .cmp/ne 32, L_000001f523239370, L_000001f52323a8e0;
L_000001f5232388d0 .array/port v000001f523238040, L_000001f523239230;
L_000001f523239230 .concat [ 5 2 0 0], v000001f523239d70_0, L_000001f52323a928;
L_000001f52323a1d0 .functor MUXZ 32, L_000001f52323a970, L_000001f5232388d0, L_000001f523238e70, C4<>;
L_000001f52323a6d0 .concat [ 5 27 0 0], v000001f523239870_0, L_000001f52323a9b8;
L_000001f523239cd0 .cmp/ne 32, L_000001f52323a6d0, L_000001f52323aa00;
L_000001f52323a770 .array/port v000001f523238040, L_000001f523239f50;
L_000001f523239f50 .concat [ 5 2 0 0], v000001f523239870_0, L_000001f52323aa48;
L_000001f523239690 .functor MUXZ 32, L_000001f52323aa90, L_000001f52323a770, L_000001f523239cd0, C4<>;
    .scope S_000001f52319add0;
T_0 ;
    %wait E_000001f523197120;
    %load/vec4 v000001f523237f00_0;
    %flag_set/vec4 8;
    %jmp/0xz  T_0.0, 8;
    %load/vec4 v000001f523238360_0;
    %load/vec4 v000001f523237a00_0;
    %pad/u 7;
    %ix/vec4 3;
    %ix/load 4, 0, 0; Constant delay
    %assign/vec4/a/d v000001f523238040, 0, 4;
T_0.0 ;
    %jmp T_0;
    .thread T_0;
    .scope S_000001f52319ac40;
T_1 ;
    %pushi/vec4 0, 0, 1;
    %store/vec4 v000001f523237c80_0, 0, 1;
T_1.0 ;
    %delay 5, 0;
    %load/vec4 v000001f523237c80_0;
    %inv;
    %store/vec4 v000001f523237c80_0, 0, 1;
    %jmp T_1.0;
    %end;
    .thread T_1;
    .scope S_000001f52319ac40;
T_2 ;
    %vpi_call 2 25 "$dumpfile", "register_file.vcd" {0 0 0};
    %vpi_call 2 26 "$dumpvars", 32'sb00000000000000000000000000000000, S_000001f52319ac40 {0 0 0};
    %pushi/vec4 0, 0, 1;
    %store/vec4 v000001f523239050_0, 0, 1;
    %pushi/vec4 0, 0, 5;
    %store/vec4 v000001f523239d70_0, 0, 5;
    %pushi/vec4 0, 0, 5;
    %store/vec4 v000001f523239870_0, 0, 5;
    %pushi/vec4 0, 0, 5;
    %store/vec4 v000001f523237fa0_0, 0, 5;
    %pushi/vec4 0, 0, 32;
    %store/vec4 v000001f523238fb0_0, 0, 32;
    %vpi_call 2 33 "$display", "rd1 = %h | rd2 = %h", v000001f523238680_0, v000001f52323a310_0 {0 0 0};
    %pushi/vec4 6, 0, 5;
    %store/vec4 v000001f523237fa0_0, 0, 5;
    %pushi/vec4 2863311530, 0, 32;
    %store/vec4 v000001f523238fb0_0, 0, 32;
    %pushi/vec4 1, 0, 1;
    %store/vec4 v000001f523239050_0, 0, 1;
    %delay 10, 0;
    %pushi/vec4 3, 0, 5;
    %store/vec4 v000001f523237fa0_0, 0, 5;
    %pushi/vec4 1431655765, 0, 32;
    %store/vec4 v000001f523238fb0_0, 0, 32;
    %pushi/vec4 1, 0, 1;
    %store/vec4 v000001f523239050_0, 0, 1;
    %delay 10, 0;
    %pushi/vec4 6, 0, 5;
    %store/vec4 v000001f523239d70_0, 0, 5;
    %pushi/vec4 3, 0, 5;
    %store/vec4 v000001f523239870_0, 0, 5;
    %delay 10, 0;
    %vpi_call 2 47 "$display", "rd1 = %h | rd2 = %h", v000001f523238680_0, v000001f52323a310_0 {0 0 0};
    %vpi_call 2 48 "$finish" {0 0 0};
    %end;
    .thread T_2;
# The file index is used to find the file name in the following table.
:file_names 4;
    "N/A";
    "<interactive>";
    "register_file_tb.v";
    "register_file.v";
